2019-03-28 14:22:12 INFO - Creating messaging factory from connection string 'Endpoint=sb://tot-corp-orion-int-qa.servicebus.windows.net/;EntityPath=tot-corp-orion-pricechanges-topic-mid/subscriptions/TOT-CORP-ORION-PriceChanges-Subs-Topic-MID;' - txEpd= txRef= cmRef= nodeRef= usrTx= rhsRef= commerce= country= 
2019-03-28 14:22:12 INFO - Creating messaging factory from namespace endpoint uri 'sb://tot-corp-orion-int-qa.servicebus.windows.net/' - txEpd= txRef= cmRef= nodeRef= usrTx= rhsRef= commerce= country= 
2019-03-28 14:22:12 INFO - Creating and starting reactor - txEpd= txRef= cmRef= nodeRef= usrTx= rhsRef= commerce= country= 
2019-03-28 14:22:12 INFO - Started reactor - txEpd= txRef= cmRef= nodeRef= usrTx= rhsRef= commerce= country= 
2019-03-28 14:22:12 INFO - starting reactor instance. - txEpd= txRef= cmRef= nodeRef= usrTx= rhsRef= commerce= country= 
2019-03-28 14:22:12 INFO - Creating connection to host 'tot-corp-orion-int-qa.servicebus.windows.net:5671' - txEpd= txRef= cmRef= nodeRef= usrTx= rhsRef= commerce= country= 
2019-03-28 14:22:15 INFO - MessagingFactory opened. - txEpd= txRef= cmRef= nodeRef= usrTx= rhsRef= commerce= country= 
2019-03-28 14:22:15 INFO - Connection opened to host. - txEpd= txRef= cmRef= nodeRef= usrTx= rhsRef= commerce= country= 
2019-03-28 14:22:15 INFO - Creating CBS link to $cbs - txEpd= txRef= cmRef= nodeRef= usrTx= rhsRef= commerce= country= 
2019-03-28 14:22:15 INFO - Created subscription client to connection string 'Endpoint=sb://tot-corp-orion-int-qa.servicebus.windows.net/;EntityPath=tot-corp-orion-pricechanges-topic-mid/subscriptions/TOT-CORP-ORION-PriceChanges-Subs-Topic-MID;' - txEpd= txRef= cmRef= nodeRef= usrTx= rhsRef= commerce= country= 
2019-03-28 14:22:15 INFO - Registering message handler on entity 'tot-corp-orion-pricechanges-topic-mid/subscriptions/TOT-CORP-ORION-PriceChanges-Subs-Topic-MID' with 'MessageHandlerOptions - AutoComplete:true, MaxConcurrentCalls:1, MaxAutoRenewDuration:PT5M' - txEpd= txRef= cmRef= nodeRef= usrTx= rhsRef= commerce= country= 
2019-03-28 14:22:15 INFO - Creating MessageReceiver to entity 'tot-corp-orion-pricechanges-topic-mid/subscriptions/TOT-CORP-ORION-PriceChanges-Subs-Topic-MID', ReceiveMode 'PEEKLOCK' - txEpd= txRef= cmRef= nodeRef= usrTx= rhsRef= commerce= country= 
2019-03-28 14:22:15 INFO - Creating core message receiver to 'tot-corp-orion-pricechanges-topic-mid/subscriptions/TOT-CORP-ORION-PriceChanges-Subs-Topic-MID' - txEpd= txRef= cmRef= nodeRef= usrTx= rhsRef= commerce= country= 
2019-03-28 14:22:15 INFO - Opened requestresponselink to $cbs - txEpd= txRef= cmRef= nodeRef= usrTx= rhsRef= commerce= country= 
2019-03-28 14:22:15 INFO - Created CBS link to $cbs - txEpd= txRef= cmRef= nodeRef= usrTx= rhsRef= commerce= country= 
2019-03-28 14:22:15 INFO - Creating receive link to 'tot-corp-orion-pricechanges-topic-mid/subscriptions/TOT-CORP-ORION-PriceChanges-Subs-Topic-MID' - txEpd= txRef= cmRef= nodeRef= usrTx= rhsRef= commerce= country= 
2019-03-28 14:22:15 INFO - Receive link to 'tot-corp-orion-pricechanges-topic-mid/subscriptions/TOT-CORP-ORION-PriceChanges-Subs-Topic-MID' opened. - txEpd= txRef= cmRef= nodeRef= usrTx= rhsRef= commerce= country= 
2019-03-28 14:22:15 INFO - Created MessageReceiver to entity 'tot-corp-orion-pricechanges-topic-mid/subscriptions/TOT-CORP-ORION-PriceChanges-Subs-Topic-MID' - txEpd= txRef= cmRef= nodeRef= usrTx= rhsRef= commerce= country= 
2019-03-28 14:22:15 INFO - Created MessageBrowser to entity 'tot-corp-orion-pricechanges-topic-mid/subscriptions/TOT-CORP-ORION-PriceChanges-Subs-Topic-MID' - txEpd= txRef= cmRef= nodeRef= usrTx= rhsRef= commerce= country= 
2019-03-28 14:22:15 INFO - Created MessageReceiver to entity 'tot-corp-orion-pricechanges-topic-mid/subscriptions/TOT-CORP-ORION-PriceChanges-Subs-Topic-MID' - txEpd= txRef= cmRef= nodeRef= usrTx= rhsRef= commerce= country= 
2019-03-28 14:23:15 WARN - No messages received from 'tot-corp-orion-pricechanges-topic-mid/subscriptions/TOT-CORP-ORION-PriceChanges-Subs-Topic-MID'. Pending receive request timed out. Returning null to the client. - txEpd= txRef= cmRef= nodeRef= usrTx= rhsRef= commerce= country= 
2019-03-28 14:24:15 WARN - No messages received from 'tot-corp-orion-pricechanges-topic-mid/subscriptions/TOT-CORP-ORION-PriceChanges-Subs-Topic-MID'. Pending receive request timed out. Returning null to the client. - txEpd= txRef= cmRef= nodeRef= usrTx= rhsRef= commerce= country= 
2019-03-28 14:25:16 WARN - No messages received from 'tot-corp-orion-pricechanges-topic-mid/subscriptions/TOT-CORP-ORION-PriceChanges-Subs-Topic-MID'. Pending receive request timed out. Returning null to the client. - txEpd= txRef= cmRef= nodeRef= usrTx= rhsRef= commerce= country= 
2019-03-28 14:26:16 WARN - No messages received from 'tot-corp-orion-pricechanges-topic-mid/subscriptions/TOT-CORP-ORION-PriceChanges-Subs-Topic-MID'. Pending receive request timed out. Returning null to the client. - txEpd= txRef= cmRef= nodeRef= usrTx= rhsRef= commerce= country= 
2019-03-28 14:26:46 INFO - Creating messaging factory from connection string 'Endpoint=sb://tot-corp-orion-int-qa.servicebus.windows.net/;EntityPath=tot-corp-orion-pricechanges-topic-mid/subscriptions/TOT-CORP-ORION-PriceChanges-Subs-Topic-MID;' - txEpd= txRef= cmRef= nodeRef= usrTx= rhsRef= commerce= country= 
2019-03-28 14:26:46 INFO - Creating messaging factory from namespace endpoint uri 'sb://tot-corp-orion-int-qa.servicebus.windows.net/' - txEpd= txRef= cmRef= nodeRef= usrTx= rhsRef= commerce= country= 
2019-03-28 14:26:46 INFO - Creating and starting reactor - txEpd= txRef= cmRef= nodeRef= usrTx= rhsRef= commerce= country= 
2019-03-28 14:26:46 INFO - Started reactor - txEpd= txRef= cmRef= nodeRef= usrTx= rhsRef= commerce= country= 
2019-03-28 14:26:46 INFO - starting reactor instance. - txEpd= txRef= cmRef= nodeRef= usrTx= rhsRef= commerce= country= 
2019-03-28 14:26:46 INFO - Creating connection to host 'tot-corp-orion-int-qa.servicebus.windows.net:5671' - txEpd= txRef= cmRef= nodeRef= usrTx= rhsRef= commerce= country= 
2019-03-28 14:26:49 INFO - MessagingFactory opened. - txEpd= txRef= cmRef= nodeRef= usrTx= rhsRef= commerce= country= 
2019-03-28 14:26:49 INFO - Connection opened to host. - txEpd= txRef= cmRef= nodeRef= usrTx= rhsRef= commerce= country= 
2019-03-28 14:26:49 INFO - Creating CBS link to $cbs - txEpd= txRef= cmRef= nodeRef= usrTx= rhsRef= commerce= country= 
2019-03-28 14:26:49 INFO - Created subscription client to connection string 'Endpoint=sb://tot-corp-orion-int-qa.servicebus.windows.net/;EntityPath=tot-corp-orion-pricechanges-topic-mid/subscriptions/TOT-CORP-ORION-PriceChanges-Subs-Topic-MID;' - txEpd= txRef= cmRef= nodeRef= usrTx= rhsRef= commerce= country= 
2019-03-28 14:26:49 INFO - Registering message handler on entity 'tot-corp-orion-pricechanges-topic-mid/subscriptions/TOT-CORP-ORION-PriceChanges-Subs-Topic-MID' with 'MessageHandlerOptions - AutoComplete:true, MaxConcurrentCalls:1, MaxAutoRenewDuration:PT5M' - txEpd= txRef= cmRef= nodeRef= usrTx= rhsRef= commerce= country= 
2019-03-28 14:26:49 INFO - Creating MessageReceiver to entity 'tot-corp-orion-pricechanges-topic-mid/subscriptions/TOT-CORP-ORION-PriceChanges-Subs-Topic-MID', ReceiveMode 'PEEKLOCK' - txEpd= txRef= cmRef= nodeRef= usrTx= rhsRef= commerce= country= 
2019-03-28 14:26:49 INFO - Creating core message receiver to 'tot-corp-orion-pricechanges-topic-mid/subscriptions/TOT-CORP-ORION-PriceChanges-Subs-Topic-MID' - txEpd= txRef= cmRef= nodeRef= usrTx= rhsRef= commerce= country= 
2019-03-28 14:26:49 INFO - Opened requestresponselink to $cbs - txEpd= txRef= cmRef= nodeRef= usrTx= rhsRef= commerce= country= 
2019-03-28 14:26:49 INFO - Created CBS link to $cbs - txEpd= txRef= cmRef= nodeRef= usrTx= rhsRef= commerce= country= 
2019-03-28 14:26:49 INFO - Creating receive link to 'tot-corp-orion-pricechanges-topic-mid/subscriptions/TOT-CORP-ORION-PriceChanges-Subs-Topic-MID' - txEpd= txRef= cmRef= nodeRef= usrTx= rhsRef= commerce= country= 
2019-03-28 14:26:49 INFO - Receive link to 'tot-corp-orion-pricechanges-topic-mid/subscriptions/TOT-CORP-ORION-PriceChanges-Subs-Topic-MID' opened. - txEpd= txRef= cmRef= nodeRef= usrTx= rhsRef= commerce= country= 
2019-03-28 14:26:49 INFO - Created MessageReceiver to entity 'tot-corp-orion-pricechanges-topic-mid/subscriptions/TOT-CORP-ORION-PriceChanges-Subs-Topic-MID' - txEpd= txRef= cmRef= nodeRef= usrTx= rhsRef= commerce= country= 
2019-03-28 14:26:49 INFO - Created MessageBrowser to entity 'tot-corp-orion-pricechanges-topic-mid/subscriptions/TOT-CORP-ORION-PriceChanges-Subs-Topic-MID' - txEpd= txRef= cmRef= nodeRef= usrTx= rhsRef= commerce= country= 
2019-03-28 14:26:49 INFO - Created MessageReceiver to entity 'tot-corp-orion-pricechanges-topic-mid/subscriptions/TOT-CORP-ORION-PriceChanges-Subs-Topic-MID' - txEpd= txRef= cmRef= nodeRef= usrTx= rhsRef= commerce= country= 
2019-03-28 14:27:49 WARN - No messages received from 'tot-corp-orion-pricechanges-topic-mid/subscriptions/TOT-CORP-ORION-PriceChanges-Subs-Topic-MID'. Pending receive request timed out. Returning null to the client. - txEpd= txRef= cmRef= nodeRef= usrTx= rhsRef= commerce= country= 
2019-03-28 14:28:49 WARN - No messages received from 'tot-corp-orion-pricechanges-topic-mid/subscriptions/TOT-CORP-ORION-PriceChanges-Subs-Topic-MID'. Pending receive request timed out. Returning null to the client. - txEpd= txRef= cmRef= nodeRef= usrTx= rhsRef= commerce= country= 
2019-03-28 14:29:49 WARN - No messages received from 'tot-corp-orion-pricechanges-topic-mid/subscriptions/TOT-CORP-ORION-PriceChanges-Subs-Topic-MID'. Pending receive request timed out. Returning null to the client. - txEpd= txRef= cmRef= nodeRef= usrTx= rhsRef= commerce= country= 
2019-03-28 14:30:40 INFO - Creating messaging factory from connection string 'Endpoint=sb://tot-corp-orion-int-qa.servicebus.windows.net/;EntityPath=tot-corp-orion-pricechanges-topic-mid/subscriptions/TOT-CORP-ORION-PriceChanges-Subs-Topic-MID;' - txEpd= txRef= cmRef= nodeRef= usrTx= rhsRef= commerce= country= 
2019-03-28 14:30:40 INFO - Creating messaging factory from namespace endpoint uri 'sb://tot-corp-orion-int-qa.servicebus.windows.net/' - txEpd= txRef= cmRef= nodeRef= usrTx= rhsRef= commerce= country= 
2019-03-28 14:30:40 INFO - Creating and starting reactor - txEpd= txRef= cmRef= nodeRef= usrTx= rhsRef= commerce= country= 
2019-03-28 14:30:40 INFO - Started reactor - txEpd= txRef= cmRef= nodeRef= usrTx= rhsRef= commerce= country= 
2019-03-28 14:30:40 INFO - starting reactor instance. - txEpd= txRef= cmRef= nodeRef= usrTx= rhsRef= commerce= country= 
2019-03-28 14:30:40 INFO - Creating connection to host 'tot-corp-orion-int-qa.servicebus.windows.net:5671' - txEpd= txRef= cmRef= nodeRef= usrTx= rhsRef= commerce= country= 
2019-03-28 14:30:42 INFO - MessagingFactory opened. - txEpd= txRef= cmRef= nodeRef= usrTx= rhsRef= commerce= country= 
2019-03-28 14:30:42 INFO - Connection opened to host. - txEpd= txRef= cmRef= nodeRef= usrTx= rhsRef= commerce= country= 
2019-03-28 14:30:42 INFO - Creating CBS link to $cbs - txEpd= txRef= cmRef= nodeRef= usrTx= rhsRef= commerce= country= 
2019-03-28 14:30:42 INFO - Created subscription client to connection string 'Endpoint=sb://tot-corp-orion-int-qa.servicebus.windows.net/;EntityPath=tot-corp-orion-pricechanges-topic-mid/subscriptions/TOT-CORP-ORION-PriceChanges-Subs-Topic-MID;' - txEpd= txRef= cmRef= nodeRef= usrTx= rhsRef= commerce= country= 
2019-03-28 14:30:42 INFO - Registering message handler on entity 'tot-corp-orion-pricechanges-topic-mid/subscriptions/TOT-CORP-ORION-PriceChanges-Subs-Topic-MID' with 'MessageHandlerOptions - AutoComplete:true, MaxConcurrentCalls:1, MaxAutoRenewDuration:PT5M' - txEpd= txRef= cmRef= nodeRef= usrTx= rhsRef= commerce= country= 
2019-03-28 14:30:42 INFO - Creating MessageReceiver to entity 'tot-corp-orion-pricechanges-topic-mid/subscriptions/TOT-CORP-ORION-PriceChanges-Subs-Topic-MID', ReceiveMode 'PEEKLOCK' - txEpd= txRef= cmRef= nodeRef= usrTx= rhsRef= commerce= country= 
2019-03-28 14:30:42 INFO - Creating core message receiver to 'tot-corp-orion-pricechanges-topic-mid/subscriptions/TOT-CORP-ORION-PriceChanges-Subs-Topic-MID' - txEpd= txRef= cmRef= nodeRef= usrTx= rhsRef= commerce= country= 
2019-03-28 14:30:42 INFO - Opened requestresponselink to $cbs - txEpd= txRef= cmRef= nodeRef= usrTx= rhsRef= commerce= country= 
2019-03-28 14:30:42 INFO - Created CBS link to $cbs - txEpd= txRef= cmRef= nodeRef= usrTx= rhsRef= commerce= country= 
2019-03-28 14:30:43 INFO - Creating receive link to 'tot-corp-orion-pricechanges-topic-mid/subscriptions/TOT-CORP-ORION-PriceChanges-Subs-Topic-MID' - txEpd= txRef= cmRef= nodeRef= usrTx= rhsRef= commerce= country= 
2019-03-28 14:30:43 INFO - Receive link to 'tot-corp-orion-pricechanges-topic-mid/subscriptions/TOT-CORP-ORION-PriceChanges-Subs-Topic-MID' opened. - txEpd= txRef= cmRef= nodeRef= usrTx= rhsRef= commerce= country= 
2019-03-28 14:30:43 INFO - Created MessageReceiver to entity 'tot-corp-orion-pricechanges-topic-mid/subscriptions/TOT-CORP-ORION-PriceChanges-Subs-Topic-MID' - txEpd= txRef= cmRef= nodeRef= usrTx= rhsRef= commerce= country= 
2019-03-28 14:30:43 INFO - Created MessageBrowser to entity 'tot-corp-orion-pricechanges-topic-mid/subscriptions/TOT-CORP-ORION-PriceChanges-Subs-Topic-MID' - txEpd= txRef= cmRef= nodeRef= usrTx= rhsRef= commerce= country= 
2019-03-28 14:30:43 INFO - Created MessageReceiver to entity 'tot-corp-orion-pricechanges-topic-mid/subscriptions/TOT-CORP-ORION-PriceChanges-Subs-Topic-MID' - txEpd= txRef= cmRef= nodeRef= usrTx= rhsRef= commerce= country= 
2019-03-28 14:31:20 INFO - Creating messaging factory from connection string 'Endpoint=sb://tot-corp-orion-int-qa.servicebus.windows.net/;EntityPath=tot-corp-orion-pricechanges-topic-mid/subscriptions/test;' - txEpd= txRef= cmRef= nodeRef= usrTx= rhsRef= commerce= country= 
2019-03-28 14:31:20 INFO - Creating messaging factory from namespace endpoint uri 'sb://tot-corp-orion-int-qa.servicebus.windows.net/' - txEpd= txRef= cmRef= nodeRef= usrTx= rhsRef= commerce= country= 
2019-03-28 14:31:20 INFO - Creating and starting reactor - txEpd= txRef= cmRef= nodeRef= usrTx= rhsRef= commerce= country= 
2019-03-28 14:31:20 INFO - Started reactor - txEpd= txRef= cmRef= nodeRef= usrTx= rhsRef= commerce= country= 
2019-03-28 14:31:20 INFO - starting reactor instance. - txEpd= txRef= cmRef= nodeRef= usrTx= rhsRef= commerce= country= 
2019-03-28 14:31:20 INFO - Creating connection to host 'tot-corp-orion-int-qa.servicebus.windows.net:5671' - txEpd= txRef= cmRef= nodeRef= usrTx= rhsRef= commerce= country= 
2019-03-28 14:31:22 INFO - MessagingFactory opened. - txEpd= txRef= cmRef= nodeRef= usrTx= rhsRef= commerce= country= 
2019-03-28 14:31:22 INFO - Connection opened to host. - txEpd= txRef= cmRef= nodeRef= usrTx= rhsRef= commerce= country= 
2019-03-28 14:31:22 INFO - Creating CBS link to $cbs - txEpd= txRef= cmRef= nodeRef= usrTx= rhsRef= commerce= country= 
2019-03-28 14:31:22 INFO - Created subscription client to connection string 'Endpoint=sb://tot-corp-orion-int-qa.servicebus.windows.net/;EntityPath=tot-corp-orion-pricechanges-topic-mid/subscriptions/test;' - txEpd= txRef= cmRef= nodeRef= usrTx= rhsRef= commerce= country= 
2019-03-28 14:31:22 INFO - Registering message handler on entity 'tot-corp-orion-pricechanges-topic-mid/subscriptions/test' with 'MessageHandlerOptions - AutoComplete:true, MaxConcurrentCalls:1, MaxAutoRenewDuration:PT5M' - txEpd= txRef= cmRef= nodeRef= usrTx= rhsRef= commerce= country= 
2019-03-28 14:31:22 INFO - Creating MessageReceiver to entity 'tot-corp-orion-pricechanges-topic-mid/subscriptions/test', ReceiveMode 'PEEKLOCK' - txEpd= txRef= cmRef= nodeRef= usrTx= rhsRef= commerce= country= 
2019-03-28 14:31:23 INFO - Creating core message receiver to 'tot-corp-orion-pricechanges-topic-mid/subscriptions/test' - txEpd= txRef= cmRef= nodeRef= usrTx= rhsRef= commerce= country= 
2019-03-28 14:31:23 INFO - Opened requestresponselink to $cbs - txEpd= txRef= cmRef= nodeRef= usrTx= rhsRef= commerce= country= 
2019-03-28 14:31:23 INFO - Created CBS link to $cbs - txEpd= txRef= cmRef= nodeRef= usrTx= rhsRef= commerce= country= 
2019-03-28 14:31:23 INFO - Creating receive link to 'tot-corp-orion-pricechanges-topic-mid/subscriptions/test' - txEpd= txRef= cmRef= nodeRef= usrTx= rhsRef= commerce= country= 
2019-03-28 14:31:23 INFO - Receive link to 'tot-corp-orion-pricechanges-topic-mid/subscriptions/test' opened. - txEpd= txRef= cmRef= nodeRef= usrTx= rhsRef= commerce= country= 
2019-03-28 14:31:23 INFO - Created MessageReceiver to entity 'tot-corp-orion-pricechanges-topic-mid/subscriptions/test' - txEpd= txRef= cmRef= nodeRef= usrTx= rhsRef= commerce= country= 
2019-03-28 14:31:23 INFO - Created MessageBrowser to entity 'tot-corp-orion-pricechanges-topic-mid/subscriptions/test' - txEpd= txRef= cmRef= nodeRef= usrTx= rhsRef= commerce= country= 
2019-03-28 14:31:23 INFO - Created MessageReceiver to entity 'tot-corp-orion-pricechanges-topic-mid/subscriptions/test' - txEpd= txRef= cmRef= nodeRef= usrTx= rhsRef= commerce= country= 
2019-03-28 14:33:18 WARN - No messages received from 'tot-corp-orion-pricechanges-topic-mid/subscriptions/test'. Pending receive request timed out. Returning null to the client. - txEpd= txRef= cmRef= nodeRef= usrTx= rhsRef= commerce= country= 
2019-03-28 14:34:18 WARN - No messages received from 'tot-corp-orion-pricechanges-topic-mid/subscriptions/test'. Pending receive request timed out. Returning null to the client. - txEpd= txRef= cmRef= nodeRef= usrTx= rhsRef= commerce= country= 
